2021-03-10 19:13:44,487:INFO:PyCaret Supervised Module
2021-03-10 19:13:44,487:INFO:ML Usecase: regression
2021-03-10 19:13:44,487:INFO:version 2.2.2
2021-03-10 19:13:44,487:INFO:Initializing setup()
2021-03-10 19:13:44,487:INFO:setup(target=availability_365, ml_usecase=regression, available_plots={'parameter': 'Hyperparameters', 'residuals': 'Residuals', 'error': 'Prediction Error', 'cooks': 'Cooks Distance', 'rfe': 'Feature Selection', 'learning': 'Learning Curve', 'manifold': 'Manifold Learning', 'vc': 'Validation Curve', 'feature': 'Feature Importance', 'feature_all': 'Feature Importance (All)', 'tree': 'Decision Tree'}, train_size=0.7, test_data=None, preprocess=True, imputation_type=simple, iterative_imputation_iters=5, categorical_features=None, categorical_imputation=constant, categorical_iterative_imputer=lightgbm, ordinal_features=None, high_cardinality_features=None, high_cardinality_method=frequency, numeric_features=None, numeric_imputation=mean, numeric_iterative_imputer=lightgbm, date_features=None, ignore_features=None, normalize=False, normalize_method=zscore, transformation=False, transformation_method=yeo-johnson, handle_unknown_categorical=True, unknown_categorical_method=least_frequent, pca=False, pca_method=linear, pca_components=None, ignore_low_variance=False, combine_rare_levels=False, rare_level_threshold=0.1, bin_numeric_features=None, remove_outliers=False, outliers_threshold=0.05, remove_multicollinearity=False, multicollinearity_threshold=0.9, remove_perfect_collinearity=True, create_clusters=False, cluster_iter=20, polynomial_features=False, polynomial_degree=2, trigonometry_features=False, polynomial_threshold=0.1, group_features=None, group_names=None, feature_selection=False, feature_selection_threshold=0.8, feature_selection_method=classic, feature_interaction=False, feature_ratio=False, interaction_threshold=0.01, fix_imbalance=False, fix_imbalance_method=None, transform_target=False, transform_target_method=box-cox, data_split_shuffle=True, data_split_stratify=False, fold_strategy=kfold, fold=10, fold_shuffle=False, fold_groups=None, n_jobs=-1, use_gpu=False, custom_pipeline=None, html=True, session_id=None, log_experiment=False, experiment_name=None, log_plots=False, log_profile=False, log_data=False, silent=False, verbose=True, profile=False, profile_kwargs=None, display=None)
2021-03-10 19:13:44,488:INFO:Checking environment
2021-03-10 19:13:44,488:INFO:python_version: 3.8.8
2021-03-10 19:13:44,488:INFO:python_build: ('tags/v3.8.8:024d805', 'Feb 19 2021 13:18:16')
2021-03-10 19:13:44,488:INFO:machine: AMD64
2021-03-10 19:13:44,488:INFO:platform: Windows-10-10.0.19041-SP0
2021-03-10 19:13:44,490:WARNING:cannot find psutil installation. memory not traceable. Install psutil using pip to enable memory logging.
2021-03-10 19:13:44,490:INFO:Checking libraries
2021-03-10 19:13:44,490:INFO:pd==1.0.3
2021-03-10 19:13:44,490:INFO:numpy==1.20.1
2021-03-10 19:13:44,490:INFO:sklearn==0.23.2
2021-03-10 19:13:45,081:INFO:xgboost==1.3.0
2021-03-10 19:13:45,081:INFO:lightgbm==3.1.1
2021-03-10 19:13:45,675:INFO:catboost==0.24.3
2021-03-10 19:13:50,828:INFO:mlflow==1.12.1
2021-03-10 19:13:50,828:INFO:Checking Exceptions
2021-03-10 19:13:50,829:INFO:Declaring global variables
2021-03-10 19:13:50,829:INFO:USI: d87b
2021-03-10 19:13:50,829:INFO:pycaret_globals: {'transform_target_method_param', 'fix_imbalance_param', 'y_train', 'y', '_ml_usecase', 'pycaret_globals', 'master_model_container', 'prep_pipe', 'create_model_container', 'display_container', '_internal_pipeline', '_all_models_internal', 'X', 'logging_param', '_gpu_n_jobs_param', 'fold_groups_param', 'fix_imbalance_method_param', 'X_train', '_all_metrics', 'USI', 'seed', 'imputation_classifier', 'fold_shuffle_param', 'data_before_preprocess', 'html_param', 'experiment__', 'n_jobs_param', 'y_test', '_all_models', 'iterative_imputation_iters_param', 'target_param', 'gpu_param', 'transform_target_param', 'fold_param', 'fold_generator', 'log_plots_param', 'stratify_param', 'imputation_regressor', '_available_plots', 'X_test', 'exp_name_log'}
2021-03-10 19:13:50,829:INFO:Preparing display monitor
2021-03-10 19:13:50,829:INFO:Preparing display monitor
2021-03-10 19:13:50,847:INFO:Importing libraries
2021-03-10 19:13:50,847:INFO:Copying data for preprocessing
2021-03-10 19:13:50,862:INFO:Declaring preprocessing parameters
2021-03-10 19:13:50,869:INFO:Creating preprocessing pipeline
2021-03-10 19:13:50,932:INFO:Preprocessing pipeline created successfully
2021-03-10 19:13:50,932:ERROR:(Process Exit): setup has been interupted with user command 'quit'. setup must rerun.
2021-03-10 19:13:50,933:INFO:Creating global containers
2021-03-10 19:13:50,943:INFO:Internal pipeline: Pipeline(memory=None, steps=[('empty_step', 'passthrough')], verbose=False)
2021-03-10 19:18:24,010:INFO:PyCaret Supervised Module
2021-03-10 19:18:24,010:INFO:ML Usecase: regression
2021-03-10 19:18:24,010:INFO:version 2.2.2
2021-03-10 19:18:24,010:INFO:Initializing setup()
2021-03-10 19:18:24,010:INFO:setup(target=availability_365, ml_usecase=regression, available_plots={'parameter': 'Hyperparameters', 'residuals': 'Residuals', 'error': 'Prediction Error', 'cooks': 'Cooks Distance', 'rfe': 'Feature Selection', 'learning': 'Learning Curve', 'manifold': 'Manifold Learning', 'vc': 'Validation Curve', 'feature': 'Feature Importance', 'feature_all': 'Feature Importance (All)', 'tree': 'Decision Tree'}, train_size=0.7, test_data=None, preprocess=True, imputation_type=simple, iterative_imputation_iters=5, categorical_features=None, categorical_imputation=constant, categorical_iterative_imputer=lightgbm, ordinal_features=None, high_cardinality_features=None, high_cardinality_method=frequency, numeric_features=None, numeric_imputation=mean, numeric_iterative_imputer=lightgbm, date_features=None, ignore_features=None, normalize=False, normalize_method=zscore, transformation=False, transformation_method=yeo-johnson, handle_unknown_categorical=True, unknown_categorical_method=least_frequent, pca=False, pca_method=linear, pca_components=None, ignore_low_variance=False, combine_rare_levels=False, rare_level_threshold=0.1, bin_numeric_features=None, remove_outliers=False, outliers_threshold=0.05, remove_multicollinearity=False, multicollinearity_threshold=0.9, remove_perfect_collinearity=True, create_clusters=False, cluster_iter=20, polynomial_features=False, polynomial_degree=2, trigonometry_features=False, polynomial_threshold=0.1, group_features=None, group_names=None, feature_selection=False, feature_selection_threshold=0.8, feature_selection_method=classic, feature_interaction=False, feature_ratio=False, interaction_threshold=0.01, fix_imbalance=False, fix_imbalance_method=None, transform_target=False, transform_target_method=box-cox, data_split_shuffle=True, data_split_stratify=False, fold_strategy=kfold, fold=10, fold_shuffle=False, fold_groups=None, n_jobs=-1, use_gpu=False, custom_pipeline=None, html=True, session_id=None, log_experiment=False, experiment_name=None, log_plots=False, log_profile=False, log_data=False, silent=False, verbose=True, profile=False, profile_kwargs=None, display=None)
2021-03-10 19:18:24,010:INFO:Checking environment
2021-03-10 19:18:24,010:INFO:python_version: 3.8.8
2021-03-10 19:18:24,010:INFO:python_build: ('tags/v3.8.8:024d805', 'Feb 19 2021 13:18:16')
2021-03-10 19:18:24,011:INFO:machine: AMD64
2021-03-10 19:18:24,011:INFO:platform: Windows-10-10.0.19041-SP0
2021-03-10 19:18:24,012:WARNING:cannot find psutil installation. memory not traceable. Install psutil using pip to enable memory logging.
2021-03-10 19:18:24,013:INFO:Checking libraries
2021-03-10 19:18:24,013:INFO:pd==1.0.3
2021-03-10 19:18:24,013:INFO:numpy==1.20.1
2021-03-10 19:18:24,013:INFO:sklearn==0.23.2
2021-03-10 19:18:24,013:INFO:xgboost==1.3.0
2021-03-10 19:18:24,013:INFO:lightgbm==3.1.1
2021-03-10 19:18:24,013:INFO:catboost==0.24.3
2021-03-10 19:18:24,013:INFO:mlflow==1.12.1
2021-03-10 19:18:24,013:INFO:Checking Exceptions
2021-03-10 19:18:24,014:INFO:Declaring global variables
2021-03-10 19:18:24,014:INFO:USI: 3e40
2021-03-10 19:18:24,014:INFO:pycaret_globals: {'transform_target_method_param', 'fix_imbalance_param', 'y_train', 'y', '_ml_usecase', 'pycaret_globals', 'master_model_container', 'prep_pipe', 'create_model_container', 'display_container', '_internal_pipeline', '_all_models_internal', 'X', 'logging_param', '_gpu_n_jobs_param', 'fold_groups_param', 'fix_imbalance_method_param', 'X_train', '_all_metrics', 'USI', 'seed', 'imputation_classifier', 'fold_shuffle_param', 'data_before_preprocess', 'html_param', 'experiment__', 'n_jobs_param', 'y_test', '_all_models', 'iterative_imputation_iters_param', 'target_param', 'gpu_param', 'transform_target_param', 'fold_param', 'fold_generator', 'log_plots_param', 'stratify_param', 'imputation_regressor', '_available_plots', 'X_test', 'exp_name_log'}
2021-03-10 19:18:24,014:INFO:Preparing display monitor
2021-03-10 19:18:24,014:INFO:Preparing display monitor
2021-03-10 19:18:24,032:INFO:Importing libraries
2021-03-10 19:18:24,032:INFO:Copying data for preprocessing
2021-03-10 19:18:24,046:INFO:Declaring preprocessing parameters
2021-03-10 19:18:24,053:INFO:Creating preprocessing pipeline
2021-03-10 19:18:24,084:INFO:Preprocessing pipeline created successfully
2021-03-10 19:18:24,084:ERROR:(Process Exit): setup has been interupted with user command 'quit'. setup must rerun.
2021-03-10 19:18:24,084:INFO:Creating global containers
2021-03-10 19:18:24,085:INFO:Internal pipeline: Pipeline(memory=None, steps=[('empty_step', 'passthrough')], verbose=False)
2021-03-10 19:18:31,050:INFO:Creating grid variables
2021-03-10 19:18:31,107:INFO:create_model_container: 0
2021-03-10 19:18:31,108:INFO:master_model_container: 0
2021-03-10 19:18:31,108:INFO:display_container: 0
2021-03-10 19:18:31,116:INFO:Pipeline(memory=None,
         steps=[('dtypes',
                 DataTypes_Auto_infer(categorical_features=[],
                                      display_types=True, features_todrop=[],
                                      id_columns=[], ml_usecase='regression',
                                      numerical_features=[],
                                      target='availability_365',
                                      time_features=[])),
                ('imputer',
                 Simple_Imputer(categorical_strategy='not_available',
                                fill_value_categorical=None,
                                fill_value_numerical=None,
                                numeric...
                ('scaling', 'passthrough'), ('P_transform', 'passthrough'),
                ('binn', 'passthrough'), ('rem_outliers', 'passthrough'),
                ('cluster_all', 'passthrough'),
                ('dummy', Dummify(target='availability_365')),
                ('fix_perfect', Remove_100(target='availability_365')),
                ('clean_names', Clean_Colum_Names()),
                ('feature_select', 'passthrough'), ('fix_multi', 'passthrough'),
                ('dfs', 'passthrough'), ('pca', 'passthrough')],
         verbose=False)
2021-03-10 19:18:31,116:INFO:setup() succesfully completed......................................
2021-03-10 19:18:49,856:INFO:Initializing compare_models()
2021-03-10 19:18:49,857:INFO:compare_models(include=None, fold=None, round=4, cross_validation=True, sort=R2, n_select=1, budget_time=None, turbo=True, errors=ignore, fit_kwargs=None, groups=None, verbose=True, display=None, exclude=None)
2021-03-10 19:18:49,857:INFO:Checking exceptions
2021-03-10 19:18:49,857:INFO:Preparing display monitor
2021-03-10 19:18:49,857:INFO:Preparing display monitor
2021-03-10 19:19:03,041:INFO:PyCaret Supervised Module
2021-03-10 19:19:03,041:INFO:ML Usecase: regression
2021-03-10 19:19:03,041:INFO:version 2.2.2
2021-03-10 19:19:03,041:INFO:Initializing setup()
2021-03-10 19:19:03,041:INFO:setup(target=availability_365, ml_usecase=regression, available_plots={'parameter': 'Hyperparameters', 'residuals': 'Residuals', 'error': 'Prediction Error', 'cooks': 'Cooks Distance', 'rfe': 'Feature Selection', 'learning': 'Learning Curve', 'manifold': 'Manifold Learning', 'vc': 'Validation Curve', 'feature': 'Feature Importance', 'feature_all': 'Feature Importance (All)', 'tree': 'Decision Tree'}, train_size=0.7, test_data=None, preprocess=True, imputation_type=simple, iterative_imputation_iters=5, categorical_features=None, categorical_imputation=constant, categorical_iterative_imputer=lightgbm, ordinal_features=None, high_cardinality_features=None, high_cardinality_method=frequency, numeric_features=None, numeric_imputation=mean, numeric_iterative_imputer=lightgbm, date_features=None, ignore_features=None, normalize=False, normalize_method=zscore, transformation=False, transformation_method=yeo-johnson, handle_unknown_categorical=True, unknown_categorical_method=least_frequent, pca=False, pca_method=linear, pca_components=None, ignore_low_variance=False, combine_rare_levels=False, rare_level_threshold=0.1, bin_numeric_features=None, remove_outliers=False, outliers_threshold=0.05, remove_multicollinearity=False, multicollinearity_threshold=0.9, remove_perfect_collinearity=True, create_clusters=False, cluster_iter=20, polynomial_features=False, polynomial_degree=2, trigonometry_features=False, polynomial_threshold=0.1, group_features=None, group_names=None, feature_selection=False, feature_selection_threshold=0.8, feature_selection_method=classic, feature_interaction=False, feature_ratio=False, interaction_threshold=0.01, fix_imbalance=False, fix_imbalance_method=None, transform_target=False, transform_target_method=box-cox, data_split_shuffle=True, data_split_stratify=False, fold_strategy=kfold, fold=10, fold_shuffle=False, fold_groups=None, n_jobs=-1, use_gpu=False, custom_pipeline=None, html=True, session_id=None, log_experiment=False, experiment_name=None, log_plots=False, log_profile=False, log_data=False, silent=False, verbose=True, profile=False, profile_kwargs=None, display=None)
2021-03-10 19:19:03,042:INFO:Checking environment
2021-03-10 19:19:03,042:INFO:python_version: 3.8.8
2021-03-10 19:19:03,042:INFO:python_build: ('tags/v3.8.8:024d805', 'Feb 19 2021 13:18:16')
2021-03-10 19:19:03,042:INFO:machine: AMD64
2021-03-10 19:19:03,042:INFO:platform: Windows-10-10.0.19041-SP0
2021-03-10 19:19:03,044:WARNING:cannot find psutil installation. memory not traceable. Install psutil using pip to enable memory logging.
2021-03-10 19:19:03,044:INFO:Checking libraries
2021-03-10 19:19:03,044:INFO:pd==1.0.3
2021-03-10 19:19:03,044:INFO:numpy==1.20.1
2021-03-10 19:19:03,045:INFO:sklearn==0.23.2
2021-03-10 19:19:03,045:INFO:xgboost==1.3.0
2021-03-10 19:19:03,045:INFO:lightgbm==3.1.1
2021-03-10 19:19:03,045:INFO:catboost==0.24.3
2021-03-10 19:19:03,045:INFO:mlflow==1.12.1
2021-03-10 19:19:03,045:INFO:Checking Exceptions
2021-03-10 19:19:03,045:INFO:Declaring global variables
2021-03-10 19:19:03,045:INFO:USI: 6701
2021-03-10 19:19:03,046:INFO:pycaret_globals: {'transform_target_method_param', 'fix_imbalance_param', 'y_train', 'y', '_ml_usecase', 'pycaret_globals', 'master_model_container', 'prep_pipe', 'create_model_container', 'display_container', '_internal_pipeline', '_all_models_internal', 'X', 'logging_param', '_gpu_n_jobs_param', 'fold_groups_param', 'fix_imbalance_method_param', 'X_train', '_all_metrics', 'USI', 'seed', 'imputation_classifier', 'fold_shuffle_param', 'data_before_preprocess', 'html_param', 'experiment__', 'n_jobs_param', 'y_test', '_all_models', 'iterative_imputation_iters_param', 'target_param', 'gpu_param', 'transform_target_param', 'fold_param', 'fold_generator', 'log_plots_param', 'stratify_param', 'imputation_regressor', '_available_plots', 'X_test', 'exp_name_log'}
2021-03-10 19:19:03,046:INFO:Preparing display monitor
2021-03-10 19:19:03,046:INFO:Preparing display monitor
2021-03-10 19:19:03,061:INFO:Importing libraries
2021-03-10 19:19:03,062:INFO:Copying data for preprocessing
2021-03-10 19:19:03,075:INFO:Declaring preprocessing parameters
2021-03-10 19:19:03,079:INFO:Creating preprocessing pipeline
2021-03-10 19:19:03,113:INFO:Preprocessing pipeline created successfully
2021-03-10 19:19:03,113:ERROR:(Process Exit): setup has been interupted with user command 'quit'. setup must rerun.
2021-03-10 19:19:03,114:INFO:Creating global containers
2021-03-10 19:19:03,114:INFO:Internal pipeline: Pipeline(memory=None, steps=[('empty_step', 'passthrough')], verbose=False)
2021-03-10 19:19:13,519:INFO:Creating grid variables
2021-03-10 19:19:13,562:INFO:create_model_container: 0
2021-03-10 19:19:13,562:INFO:master_model_container: 0
2021-03-10 19:19:13,562:INFO:display_container: 0
2021-03-10 19:19:13,569:INFO:Pipeline(memory=None,
         steps=[('dtypes',
                 DataTypes_Auto_infer(categorical_features=[],
                                      display_types=True, features_todrop=[],
                                      id_columns=[], ml_usecase='regression',
                                      numerical_features=[],
                                      target='availability_365',
                                      time_features=[])),
                ('imputer',
                 Simple_Imputer(categorical_strategy='not_available',
                                fill_value_categorical=None,
                                fill_value_numerical=None,
                                numeric...
                ('scaling', 'passthrough'), ('P_transform', 'passthrough'),
                ('binn', 'passthrough'), ('rem_outliers', 'passthrough'),
                ('cluster_all', 'passthrough'),
                ('dummy', Dummify(target='availability_365')),
                ('fix_perfect', Remove_100(target='availability_365')),
                ('clean_names', Clean_Colum_Names()),
                ('feature_select', 'passthrough'), ('fix_multi', 'passthrough'),
                ('dfs', 'passthrough'), ('pca', 'passthrough')],
         verbose=False)
2021-03-10 19:19:13,569:INFO:setup() succesfully completed......................................
